<?xml version="1.0" encoding="UTF-8"?>
<!-- Generated by org.testng.reporters.JUnitReportReporter -->
<testsuite skipped="0" hostname="DESKTOP-LSU4NFQ" name="org.manitestng.Testngfirstclass" tests="2" failures="0" timestamp="03 Jul 2020 06:30:49 GMT" time="0.074" errors="0">
  <testcase name="add" time="0.059" classname="org.manitestng.Testngfirstclass"/>
  <testcase name="sub" time="0.015" classname="org.manitestng.Testngfirstclass"/>
</testsuite> <!-- org.manitestng.Testngfirstclass -->
