<?xml version="1.0" encoding="UTF-8"?>
<!-- Generated by org.testng.reporters.JUnitReportReporter -->
<testsuite skipped="0" hostname="DESKTOP-LSU4NFQ" name="org.manitestng.Testngsecond" tests="3" failures="0" timestamp="03 Jul 2020 06:30:49 GMT" time="0.071" errors="0">
  <testcase name="squareRoot" time="0.007" classname="org.manitestng.Testngsecond"/>
  <testcase name="squareRoot" time="0.014" classname="org.manitestng.Testngsecond"/>
  <testcase name="squareRoot" time="0.050" classname="org.manitestng.Testngsecond"/>
</testsuite> <!-- org.manitestng.Testngsecond -->
